[debug] [2021-11-08T08:55:28.090Z] ----------------------------------------------------------------------
[debug] [2021-11-08T08:55:28.092Z] Command:       /usr/local/bin/firebase /Users/roy/.cache/firebase/tools/lib/node_modules/firebase-tools/lib/bin/firebase emulators:start
[debug] [2021-11-08T08:55:28.092Z] CLI Version:   9.22.0
[debug] [2021-11-08T08:55:28.092Z] Platform:      darwin
[debug] [2021-11-08T08:55:28.092Z] Node Version:  v12.18.1
[debug] [2021-11-08T08:55:28.097Z] Time:          Mon Nov 08 2021 00:55:28 GMT-0800 (Pacific Standard Time)
[debug] [2021-11-08T08:55:28.097Z] ----------------------------------------------------------------------
[debug] 
[debug] [2021-11-08T08:55:28.140Z] > command requires scopes: ["email","openid","https://www.googleapis.com/auth/cloudplatformprojects.readonly","https://www.googleapis.com/auth/firebase","https://www.googleapis.com/auth/cloud-platform"]
[debug] [2021-11-08T08:55:28.141Z] > authorizing via signed-in user (qianyou_wang@ucsb.edu)
[info] i  emulators: Starting emulators: auth, functions, firestore {"metadata":{"emulator":{"name":"hub"},"message":"Starting emulators: auth, functions, firestore"}}
[debug] [2021-11-08T08:55:28.168Z] [hub] writing locator at /var/folders/jt/d2b4xyrd1r9cfrgk2pt130d00000gn/T/hub-served-up-63c2e.json
[warn] ⚠  functions: The following emulators are not running, calls to these services from the Functions emulator will affect production: database, hosting, pubsub, storage {"metadata":{"emulator":{"name":"functions"},"message":"The following emulators are not running, calls to these services from the Functions emulator will affect production: \u001b[1mdatabase, hosting, pubsub, storage\u001b[22m"}}
[warn] ⚠  Your requested "node" version "14" doesn't match your global version "12" {"metadata":{"emulator":{"name":"functions"},"message":"Your requested \"node\" version \"14\" doesn't match your global version \"12\""}}
[debug] [2021-11-08T08:55:28.302Z] defaultcredentials: writing to file /Users/roy/.config/firebase/qianyou_wang_ucsb_edu_application_default_credentials.json
[debug] [2021-11-08T08:55:28.308Z] Setting GAC to /Users/roy/.config/firebase/qianyou_wang_ucsb_edu_application_default_credentials.json {"metadata":{"emulator":{"name":"functions"},"message":"Setting GAC to /Users/roy/.config/firebase/qianyou_wang_ucsb_edu_application_default_credentials.json"}}
[debug] [2021-11-08T08:55:28.311Z] > refreshing access token with scopes: []
[debug] [2021-11-08T08:55:28.311Z] >>> HTTP REQUEST POST https://www.googleapis.com/oauth2/v3/token  
 <request body omitted>
[debug] [2021-11-08T08:55:28.624Z] <<< HTTP RESPONSE 200 {"cache-control":"no-cache, no-store, max-age=0, must-revalidate","date":"Mon, 08 Nov 2021 08:55:28 GMT","expires":"Mon, 01 Jan 1990 00:00:00 GMT","pragma":"no-cache","content-type":"application/json; charset=utf-8","vary":"X-Origin, Referer, Origin,Accept-Encoding","server":"scaffolding on HTTPServer2","x-xss-protection":"0","x-frame-options":"SAMEORIGIN","x-content-type-options":"nosniff","alt-svc":"h3=\":443\"; ma=2592000,h3-29=\":443\"; ma=2592000,h3-Q050=\":443\"; ma=2592000,h3-Q046=\":443\"; ma=2592000,h3-Q043=\":443\"; ma=2592000,quic=\":443\"; ma=2592000; v=\"46,43\"","accept-ranges":"none","transfer-encoding":"chunked"}
[debug] [2021-11-08T08:55:28.695Z] >>> [apiv2][query] GET https://firebase.googleapis.com/v1beta1/projects/served-up-63c2e/adminSdkConfig [none]
[debug] [2021-11-08T08:55:29.024Z] <<< [apiv2][status] GET https://firebase.googleapis.com/v1beta1/projects/served-up-63c2e/adminSdkConfig 200
[debug] [2021-11-08T08:55:29.025Z] <<< [apiv2][body] GET https://firebase.googleapis.com/v1beta1/projects/served-up-63c2e/adminSdkConfig {"projectId":"served-up-63c2e","databaseURL":"https://served-up-63c2e-default-rtdb.firebaseio.com","storageBucket":"served-up-63c2e.appspot.com","locationId":"us-west2"}
[debug] [2021-11-08T08:55:29.320Z] Ignoring unsupported arg: projectId {"metadata":{"emulator":{"name":"firestore"},"message":"Ignoring unsupported arg: projectId"}}
[debug] [2021-11-08T08:55:29.321Z] Ignoring unsupported arg: auto_download {"metadata":{"emulator":{"name":"firestore"},"message":"Ignoring unsupported arg: auto_download"}}
[debug] [2021-11-08T08:55:29.321Z] Starting Firestore Emulator with command {"binary":"java","args":["-Dgoogle.cloud_firestore.debug_log_level=FINE","-Duser.language=en","-jar","/Users/roy/.cache/firebase/emulators/cloud-firestore-emulator-v1.13.1.jar","--host","localhost","--port",8080,"--rules","/Users/roy/Desktop/UCSB/Fall 2021/CS 148/project-t08-servedup/Project/firestore.rules","--functions_emulator","localhost:5001"],"optionalArgs":["port","webchannel_port","host","rules","functions_emulator","seed_from_export"],"joinArgs":false} {"metadata":{"emulator":{"name":"firestore"},"message":"Starting Firestore Emulator with command {\"binary\":\"java\",\"args\":[\"-Dgoogle.cloud_firestore.debug_log_level=FINE\",\"-Duser.language=en\",\"-jar\",\"/Users/roy/.cache/firebase/emulators/cloud-firestore-emulator-v1.13.1.jar\",\"--host\",\"localhost\",\"--port\",8080,\"--rules\",\"/Users/roy/Desktop/UCSB/Fall 2021/CS 148/project-t08-servedup/Project/firestore.rules\",\"--functions_emulator\",\"localhost:5001\"],\"optionalArgs\":[\"port\",\"webchannel_port\",\"host\",\"rules\",\"functions_emulator\",\"seed_from_export\"],\"joinArgs\":false}"}}
[info] i  firestore: Firestore Emulator logging to firestore-debug.log {"metadata":{"emulator":{"name":"firestore"},"message":"Firestore Emulator logging to \u001b[1mfirestore-debug.log\u001b[22m"}}
[debug] [2021-11-08T08:55:30.980Z] Nov 08, 2021 12:55:30 AM com.google.cloud.datastore.emulator.firestore.websocket.WebSocketServer start
INFO: Started WebSocket server on ws://localhost:57884
 {"metadata":{"emulator":{"name":"firestore"},"message":"Nov 08, 2021 12:55:30 AM com.google.cloud.datastore.emulator.firestore.websocket.WebSocketServer start\nINFO: Started WebSocket server on ws://localhost:57884\n"}}
[debug] [2021-11-08T08:55:31.058Z] API endpoint: http:// {"metadata":{"emulator":{"name":"firestore"},"message":"API endpoint: http://"}}
[debug] [2021-11-08T08:55:31.058Z] localhost:8080
If you are using a library that supports the FIRESTORE_EMULATOR_HOST environment variable, run:

   export FIRESTORE_EMULATOR_HOST=localhost:8080

Dev App Server is now running.

 {"metadata":{"emulator":{"name":"firestore"},"message":"localhost:8080\nIf you are using a library that supports the FIRESTORE_EMULATOR_HOST environment variable, run:\n\n   export FIRESTORE_EMULATOR_HOST=localhost:8080\n\nDev App Server is now running.\n\n"}}
[debug] [2021-11-08T08:55:33.243Z] Ignoring unsupported arg: auto_download {"metadata":{"emulator":{"name":"ui"},"message":"Ignoring unsupported arg: auto_download"}}
[debug] [2021-11-08T08:55:33.243Z] Ignoring unsupported arg: port {"metadata":{"emulator":{"name":"ui"},"message":"Ignoring unsupported arg: port"}}
[debug] [2021-11-08T08:55:33.243Z] Starting Emulator UI with command {"binary":"node","args":["/Users/roy/.cache/firebase/emulators/ui-v1.6.4/server.bundle.js"],"optionalArgs":[],"joinArgs":false} {"metadata":{"emulator":{"name":"ui"},"message":"Starting Emulator UI with command {\"binary\":\"node\",\"args\":[\"/Users/roy/.cache/firebase/emulators/ui-v1.6.4/server.bundle.js\"],\"optionalArgs\":[],\"joinArgs\":false}"}}
[info] i  ui: Emulator UI logging to ui-debug.log {"metadata":{"emulator":{"name":"ui"},"message":"Emulator UI logging to \u001b[1mui-debug.log\u001b[22m"}}
[debug] [2021-11-08T08:55:33.399Z] Web / API server started at localhost:4000
 {"metadata":{"emulator":{"name":"ui"},"message":"Web / API server started at localhost:4000\n"}}
[info] i  functions: Watching "/Users/roy/Desktop/UCSB/Fall 2021/CS 148/project-t08-servedup/Project/functions" for Cloud Functions... {"metadata":{"emulator":{"name":"functions"},"message":"Watching \"/Users/roy/Desktop/UCSB/Fall 2021/CS 148/project-t08-servedup/Project/functions\" for Cloud Functions..."}}
[debug] [2021-11-08T08:55:33.558Z] [worker-pool] addWorker(~diagnostic~) {"metadata":{"emulator":{"name":"functions"},"message":"[worker-pool] addWorker(~diagnostic~)"}}
[debug] [2021-11-08T08:55:33.558Z] [worker-pool] Adding worker with key ~diagnostic~, total=1 {"metadata":{"emulator":{"name":"functions"},"message":"[worker-pool] Adding worker with key ~diagnostic~, total=1"}}
[debug] [2021-11-08T08:55:33.558Z] [worker-pool] submitWork(triggerId=) {"metadata":{"emulator":{"name":"functions"},"message":"[worker-pool] submitWork(triggerId=)"}}
[debug] [2021-11-08T08:55:33.559Z] [worker-~diagnostic~-0d8041f2-ac18-47d8-b22c-25d1ce0a088b]: Assigning socketPath: /var/folders/jt/d2b4xyrd1r9cfrgk2pt130d00000gn/T/fire_emu_13085.sock {"metadata":{"emulator":{"name":"functions"},"message":"[worker-~diagnostic~-0d8041f2-ac18-47d8-b22c-25d1ce0a088b]: Assigning socketPath: /var/folders/jt/d2b4xyrd1r9cfrgk2pt130d00000gn/T/fire_emu_13085.sock"}}
[debug] [2021-11-08T08:55:33.559Z] [worker-~diagnostic~-0d8041f2-ac18-47d8-b22c-25d1ce0a088b]: BUSY {"metadata":{"emulator":{"name":"functions"},"message":"[worker-~diagnostic~-0d8041f2-ac18-47d8-b22c-25d1ce0a088b]: BUSY"}}
[debug] [2021-11-08T08:55:33.731Z] [runtime-status] [13085] Functions runtime initialized. {"cwd":"/Users/roy/Desktop/UCSB/Fall 2021/CS 148/project-t08-servedup/Project/functions","node_version":"12.18.1"} {"metadata":{"emulator":{"name":"functions"},"message":"[runtime-status] [13085] Functions runtime initialized. {\"cwd\":\"/Users/roy/Desktop/UCSB/Fall 2021/CS 148/project-t08-servedup/Project/functions\",\"node_version\":\"12.18.1\"}"}}
[debug] [2021-11-08T08:55:33.731Z] [runtime-status] [13085] Disabled runtime features: undefined {"metadata":{"emulator":{"name":"functions"},"message":"[runtime-status] [13085] Disabled runtime features: undefined"}}
[debug] [2021-11-08T08:55:33.734Z] [runtime-status] [13085] Resolved module firebase-admin {"declared":true,"installed":true,"version":"9.12.0","resolution":"/Users/roy/Desktop/UCSB/Fall 2021/CS 148/project-t08-servedup/Project/functions/node_modules/firebase-admin/lib/index.js"} {"metadata":{"emulator":{"name":"functions"},"message":"[runtime-status] [13085] Resolved module firebase-admin {\"declared\":true,\"installed\":true,\"version\":\"9.12.0\",\"resolution\":\"/Users/roy/Desktop/UCSB/Fall 2021/CS 148/project-t08-servedup/Project/functions/node_modules/firebase-admin/lib/index.js\"}"}}
[debug] [2021-11-08T08:55:33.735Z] [runtime-status] [13085] Resolved module firebase-functions {"declared":true,"installed":true,"version":"3.16.0","resolution":"/Users/roy/Desktop/UCSB/Fall 2021/CS 148/project-t08-servedup/Project/functions/node_modules/firebase-functions/lib/index.js"} {"metadata":{"emulator":{"name":"functions"},"message":"[runtime-status] [13085] Resolved module firebase-functions {\"declared\":true,\"installed\":true,\"version\":\"3.16.0\",\"resolution\":\"/Users/roy/Desktop/UCSB/Fall 2021/CS 148/project-t08-servedup/Project/functions/node_modules/firebase-functions/lib/index.js\"}"}}
[debug] [2021-11-08T08:55:33.736Z] [runtime-status] [13085] Outgoing network have been stubbed. [{"name":"http","status":"mocked"},{"name":"http","status":"mocked"},{"name":"https","status":"mocked"},{"name":"https","status":"mocked"},{"name":"net","status":"mocked"}] {"metadata":{"emulator":{"name":"functions"},"message":"[runtime-status] [13085] Outgoing network have been stubbed. [{\"name\":\"http\",\"status\":\"mocked\"},{\"name\":\"http\",\"status\":\"mocked\"},{\"name\":\"https\",\"status\":\"mocked\"},{\"name\":\"https\",\"status\":\"mocked\"},{\"name\":\"net\",\"status\":\"mocked\"}]"}}
[debug] [2021-11-08T08:55:33.736Z] [runtime-status] [13085] Resolved module firebase-functions {"declared":true,"installed":true,"version":"3.16.0","resolution":"/Users/roy/Desktop/UCSB/Fall 2021/CS 148/project-t08-servedup/Project/functions/node_modules/firebase-functions/lib/index.js"} {"metadata":{"emulator":{"name":"functions"},"message":"[runtime-status] [13085] Resolved module firebase-functions {\"declared\":true,\"installed\":true,\"version\":\"3.16.0\",\"resolution\":\"/Users/roy/Desktop/UCSB/Fall 2021/CS 148/project-t08-servedup/Project/functions/node_modules/firebase-functions/lib/index.js\"}"}}
[debug] [2021-11-08T08:55:33.774Z] [runtime-status] [13085] Checked functions.config() {"config":{}} {"metadata":{"emulator":{"name":"functions"},"message":"[runtime-status] [13085] Checked functions.config() {\"config\":{}}"}}
[debug] [2021-11-08T08:55:33.775Z] [runtime-status] [13085] firebase-functions has been stubbed. {"functionsResolution":{"declared":true,"installed":true,"version":"3.16.0","resolution":"/Users/roy/Desktop/UCSB/Fall 2021/CS 148/project-t08-servedup/Project/functions/node_modules/firebase-functions/lib/index.js"}} {"metadata":{"emulator":{"name":"functions"},"message":"[runtime-status] [13085] firebase-functions has been stubbed. {\"functionsResolution\":{\"declared\":true,\"installed\":true,\"version\":\"3.16.0\",\"resolution\":\"/Users/roy/Desktop/UCSB/Fall 2021/CS 148/project-t08-servedup/Project/functions/node_modules/firebase-functions/lib/index.js\"}}"}}
[debug] [2021-11-08T08:55:33.775Z] [runtime-status] [13085] Resolved module firebase-functions {"declared":true,"installed":true,"version":"3.16.0","resolution":"/Users/roy/Desktop/UCSB/Fall 2021/CS 148/project-t08-servedup/Project/functions/node_modules/firebase-functions/lib/index.js"} {"metadata":{"emulator":{"name":"functions"},"message":"[runtime-status] [13085] Resolved module firebase-functions {\"declared\":true,\"installed\":true,\"version\":\"3.16.0\",\"resolution\":\"/Users/roy/Desktop/UCSB/Fall 2021/CS 148/project-t08-servedup/Project/functions/node_modules/firebase-functions/lib/index.js\"}"}}
[debug] [2021-11-08T08:55:33.775Z] [runtime-status] [13085] Resolved module firebase-admin {"declared":true,"installed":true,"version":"9.12.0","resolution":"/Users/roy/Desktop/UCSB/Fall 2021/CS 148/project-t08-servedup/Project/functions/node_modules/firebase-admin/lib/index.js"} {"metadata":{"emulator":{"name":"functions"},"message":"[runtime-status] [13085] Resolved module firebase-admin {\"declared\":true,\"installed\":true,\"version\":\"9.12.0\",\"resolution\":\"/Users/roy/Desktop/UCSB/Fall 2021/CS 148/project-t08-servedup/Project/functions/node_modules/firebase-admin/lib/index.js\"}"}}
[debug] [2021-11-08T08:55:33.776Z] [runtime-status] [13085] Resolved module firebase-functions {"declared":true,"installed":true,"version":"3.16.0","resolution":"/Users/roy/Desktop/UCSB/Fall 2021/CS 148/project-t08-servedup/Project/functions/node_modules/firebase-functions/lib/index.js"} {"metadata":{"emulator":{"name":"functions"},"message":"[runtime-status] [13085] Resolved module firebase-functions {\"declared\":true,\"installed\":true,\"version\":\"3.16.0\",\"resolution\":\"/Users/roy/Desktop/UCSB/Fall 2021/CS 148/project-t08-servedup/Project/functions/node_modules/firebase-functions/lib/index.js\"}"}}
[debug] [2021-11-08T08:55:33.776Z] [runtime-status] [13085] firebase-admin has been stubbed. {"adminResolution":{"declared":true,"installed":true,"version":"9.12.0","resolution":"/Users/roy/Desktop/UCSB/Fall 2021/CS 148/project-t08-servedup/Project/functions/node_modules/firebase-admin/lib/index.js"}} {"metadata":{"emulator":{"name":"functions"},"message":"[runtime-status] [13085] firebase-admin has been stubbed. {\"adminResolution\":{\"declared\":true,\"installed\":true,\"version\":\"9.12.0\",\"resolution\":\"/Users/roy/Desktop/UCSB/Fall 2021/CS 148/project-t08-servedup/Project/functions/node_modules/firebase-admin/lib/index.js\"}}"}}
[debug] [2021-11-08T08:55:33.812Z] [runtime-status] [13085] initializeApp(DEFAULT) {"credential":{"implicit":false,"projectId":"served-up-63c2e","privateKey":"-----BEGIN PRIVATE KEY-----\nMIIEvgIBADANBgkqhkiG9w0BAQEFAASCBKgwggSkAgEAAoIBAQCrSPzLltDLJahu\nKMPEn0Ddnq1wW8jstPklYFJCUYVuE/sN85Re2otRhUF1Rf67ZwmyqmwANpwDB57g\nkbSxFNOAnykQN3UEKr2ydOzSiFziHkpRm6fMKtOhNz6B47NbdI3vMFMf5LoYBsbu\n2k64aHxN7k5vsd24JvfB2pj9VWIraqpQG0ThpnBob1kcTRqSYOttCb9/yWIDh5yS\nhGQvWjvFeyuR25yd3U2uaunBjvPMwvm1v2qKD63aJLg762+o1sy9W3B/e1wI7PdA\nhbEdClmtO8dZBIr9zQzZxXmX2DBwnV3907I60jV0GTUYjwXmDIvmSb70RAITYAzM\n6Pm7jttdAgMBAAECggEAAbwnB17l4DDnoFoHBZ5WrLKsmhHr7+3eBNwRaTzkfPAf\nNQ3NvRo58ApJVp6Yt8g8PRQ5139gxte/FbzpbM5uXVlUs/vZJ8DRFBYtce0nV7Or\n2AtwwIIsi5pWJpWqXZeez8NDDEnSUrz61d+IjZiirbK8wP03EY700oCxglto4lIE\nLIsMFXkV+TX4/Lc0VgnQIR8DbGn3zA2qYqCNuWFTP7bluKDVW5kgOPGbLvYN3jb+\nKYCk3ULFOxL4KoPO0qtQK0W8y/b3DD1dsv1xP2Xcm0G0NXxRybr0zyJyne3dPNuy\nAX1YyEFDb0P+MMUfuVKH8QWbvsyKw0zctOdqkE/YBwKBgQDow+nJ6yB7jdXo7DGO\nivnZh9rvDGRFAs6BlqlzMeTHCZH8sKtrLCFO9+XYzOG6R81LyRCy5QSNOzZBQ1yt\nj6BCcErtN+69SxJutvKL5O0cuYlgQeMRbFZthpA9lalltFq2Oz96ciR9GeMnHpX6\nTeNED/YXW8coiNgzoN0jXLSx6wKBgQC8YgJRsRtphhnYC4bMh6JkxMxlFA4y6WgE\nLrgIu37auGI7+0MYRoyQ+MmISPnGjzuXfri7JvOrxJUpNNsc7OBZGVxUFtubYn2N\nvBppu1FcqD/AraXFpgA3S8ghUYDN7XSE+zI5m8xenalgqKyw7PfAtvE2tBQf+yc+\nPEKL2q2N1wKBgQC3c1EbNxlOx6bEAQO92IK6k3xV02pjiabAM8IxbC1nQX+xrHwt\n54YI+xBIIpH1gwmmpT1oAV/o/7XvEexFTmF8e4xSEjczMavBXqci4raOYRyIpOUV\nolEr2VZtczsjUVX9Mg0BsFxZzMFe35hMwn5P8lR+bHM220OqzSn86N/xKQKBgF9E\nlXWownsoJTO8CIyw3zBk0hUgAlo+7aqH0ewgnfOQoaVB2VmSfA3os0qn1SFUWEex\n/0wuU7Z/MQvovhKvvHlyuN2RvbekJGikQxtLbscUE0Gmz5nX7G4Kdghbhm8d8fo6\natj1cHI8+2Z1hvfmrxiXq/8FLNRLmDoCEYlWqsR7AoGBAIamisx0M/7F7W+h1moO\nG+ufvejW0C7k2Q6iyi1Xxtg051ei4ijTyppd9Hr0AHSCK9RayztS5Rl63XR6kW9B\nj0QEbolTwzPZkY0oYBCqgZC0+GurvN9EkEU/TZvF+Do/tJQzMFbVIVHG75Lx9O9n\n5q9Kh/qipZIkdJByx19qZSQB\n-----END PRIVATE KEY-----\n","clientEmail":"firebase-adminsdk-348ma@served-up-63c2e.iam.gserviceaccount.com","httpClient":{"retry":{"maxRetries":4,"statusCodes":[503],"ioErrorCodes":["ECONNRESET","ETIMEDOUT"],"backOffFactor":0.5,"maxDelayInMillis":60000}}},"databaseURL":"https://served-up-63c2e-default-rtdb.firebaseio.com"} {"metadata":{"emulator":{"name":"functions"},"message":"[runtime-status] [13085] initializeApp(DEFAULT) {\"credential\":{\"implicit\":false,\"projectId\":\"served-up-63c2e\",\"privateKey\":\"-----BEGIN PRIVATE KEY-----\\nMIIEvgIBADANBgkqhkiG9w0BAQEFAASCBKgwggSkAgEAAoIBAQCrSPzLltDLJahu\\nKMPEn0Ddnq1wW8jstPklYFJCUYVuE/sN85Re2otRhUF1Rf67ZwmyqmwANpwDB57g\\nkbSxFNOAnykQN3UEKr2ydOzSiFziHkpRm6fMKtOhNz6B47NbdI3vMFMf5LoYBsbu\\n2k64aHxN7k5vsd24JvfB2pj9VWIraqpQG0ThpnBob1kcTRqSYOttCb9/yWIDh5yS\\nhGQvWjvFeyuR25yd3U2uaunBjvPMwvm1v2qKD63aJLg762+o1sy9W3B/e1wI7PdA\\nhbEdClmtO8dZBIr9zQzZxXmX2DBwnV3907I60jV0GTUYjwXmDIvmSb70RAITYAzM\\n6Pm7jttdAgMBAAECggEAAbwnB17l4DDnoFoHBZ5WrLKsmhHr7+3eBNwRaTzkfPAf\\nNQ3NvRo58ApJVp6Yt8g8PRQ5139gxte/FbzpbM5uXVlUs/vZJ8DRFBYtce0nV7Or\\n2AtwwIIsi5pWJpWqXZeez8NDDEnSUrz61d+IjZiirbK8wP03EY700oCxglto4lIE\\nLIsMFXkV+TX4/Lc0VgnQIR8DbGn3zA2qYqCNuWFTP7bluKDVW5kgOPGbLvYN3jb+\\nKYCk3ULFOxL4KoPO0qtQK0W8y/b3DD1dsv1xP2Xcm0G0NXxRybr0zyJyne3dPNuy\\nAX1YyEFDb0P+MMUfuVKH8QWbvsyKw0zctOdqkE/YBwKBgQDow+nJ6yB7jdXo7DGO\\nivnZh9rvDGRFAs6BlqlzMeTHCZH8sKtrLCFO9+XYzOG6R81LyRCy5QSNOzZBQ1yt\\nj6BCcErtN+69SxJutvKL5O0cuYlgQeMRbFZthpA9lalltFq2Oz96ciR9GeMnHpX6\\nTeNED/YXW8coiNgzoN0jXLSx6wKBgQC8YgJRsRtphhnYC4bMh6JkxMxlFA4y6WgE\\nLrgIu37auGI7+0MYRoyQ+MmISPnGjzuXfri7JvOrxJUpNNsc7OBZGVxUFtubYn2N\\nvBppu1FcqD/AraXFpgA3S8ghUYDN7XSE+zI5m8xenalgqKyw7PfAtvE2tBQf+yc+\\nPEKL2q2N1wKBgQC3c1EbNxlOx6bEAQO92IK6k3xV02pjiabAM8IxbC1nQX+xrHwt\\n54YI+xBIIpH1gwmmpT1oAV/o/7XvEexFTmF8e4xSEjczMavBXqci4raOYRyIpOUV\\nolEr2VZtczsjUVX9Mg0BsFxZzMFe35hMwn5P8lR+bHM220OqzSn86N/xKQKBgF9E\\nlXWownsoJTO8CIyw3zBk0hUgAlo+7aqH0ewgnfOQoaVB2VmSfA3os0qn1SFUWEex\\n/0wuU7Z/MQvovhKvvHlyuN2RvbekJGikQxtLbscUE0Gmz5nX7G4Kdghbhm8d8fo6\\natj1cHI8+2Z1hvfmrxiXq/8FLNRLmDoCEYlWqsR7AoGBAIamisx0M/7F7W+h1moO\\nG+ufvejW0C7k2Q6iyi1Xxtg051ei4ijTyppd9Hr0AHSCK9RayztS5Rl63XR6kW9B\\nj0QEbolTwzPZkY0oYBCqgZC0+GurvN9EkEU/TZvF+Do/tJQzMFbVIVHG75Lx9O9n\\n5q9Kh/qipZIkdJByx19qZSQB\\n-----END PRIVATE KEY-----\\n\",\"clientEmail\":\"firebase-adminsdk-348ma@served-up-63c2e.iam.gserviceaccount.com\",\"httpClient\":{\"retry\":{\"maxRetries\":4,\"statusCodes\":[503],\"ioErrorCodes\":[\"ECONNRESET\",\"ETIMEDOUT\"],\"backOffFactor\":0.5,\"maxDelayInMillis\":60000}}},\"databaseURL\":\"https://served-up-63c2e-default-rtdb.firebaseio.com\"}"}}
[info] 
┌─────────────────────────────────────────────────────────────┐
│ ✔  All emulators ready! It is now safe to connect your app. │
│ i  View Emulator UI at http://localhost:4000                │
└─────────────────────────────────────────────────────────────┘

┌────────────────┬────────────────┬─────────────────────────────────┐
│ Emulator       │ Host:Port      │ View in Emulator UI             │
├────────────────┼────────────────┼─────────────────────────────────┤
│ Authentication │ localhost:9099 │ http://localhost:4000/auth      │
├────────────────┼────────────────┼─────────────────────────────────┤
│ Functions      │ localhost:5001 │ http://localhost:4000/functions │
├────────────────┼────────────────┼─────────────────────────────────┤
│ Firestore      │ localhost:8080 │ http://localhost:4000/firestore │
└────────────────┴────────────────┴─────────────────────────────────┘
  Emulator Hub running at localhost:4400
  Other reserved ports: 4500

Issues? Report them at https://github.com/firebase/firebase-tools/issues and attach the *-debug.log files.
 
[debug] [2021-11-08T08:55:33.818Z] [worker-~diagnostic~-0d8041f2-ac18-47d8-b22c-25d1ce0a088b]: IDLE {"metadata":{"emulator":{"name":"functions"},"message":"[worker-~diagnostic~-0d8041f2-ac18-47d8-b22c-25d1ce0a088b]: IDLE"}}
[debug] [2021-11-08T08:55:42.806Z] Nov 08, 2021 12:55:42 AM io.gapi.emulators.netty.HttpVersionRoutingHandler channelRead
INFO: Detected non-HTTP/2 connection.
 {"metadata":{"emulator":{"name":"firestore"},"message":"Nov 08, 2021 12:55:42 AM io.gapi.emulators.netty.HttpVersionRoutingHandler channelRead\nINFO: Detected non-HTTP/2 connection.\n"}}
[debug] [2021-11-08T08:55:42.885Z] Nov 08, 2021 12:55:42 AM com.google.cloud.datastore.emulator.firestore.websocket.WebSocketChannelHandler initChannel
INFO: Connected to new websocket client
 {"metadata":{"emulator":{"name":"firestore"},"message":"Nov 08, 2021 12:55:42 AM com.google.cloud.datastore.emulator.firestore.websocket.WebSocketChannelHandler initChannel\nINFO: Connected to new websocket client\n"}}
[debug] [2021-11-08T08:55:43.679Z] Nov 08, 2021 12:55:43 AM io.gapi.emulators.netty.HttpVersionRoutingHandler channelRead
INFO: Detected non-HTTP/2 connection.
 {"metadata":{"emulator":{"name":"firestore"},"message":"Nov 08, 2021 12:55:43 AM io.gapi.emulators.netty.HttpVersionRoutingHandler channelRead\nINFO: Detected non-HTTP/2 connection.\n"}}
[debug] [2021-11-08T08:55:43.687Z] Nov 08, 2021 12:55:43 AM io.gapi.emulators.netty.HttpVersionRoutingHandler channelRead
INFO: Detected non-HTTP/2 connection.
 {"metadata":{"emulator":{"name":"firestore"},"message":"Nov 08, 2021 12:55:43 AM io.gapi.emulators.netty.HttpVersionRoutingHandler channelRead\nINFO: Detected non-HTTP/2 connection.\n"}}
[debug] [2021-11-08T08:55:43.770Z] Nov 08, 2021 12:55:43 AM com.google.cloud.datastore.emulator.firestore.websocket.WebSocketChannelHandler initChannel
INFO: Connected to new websocket client
 {"metadata":{"emulator":{"name":"firestore"},"message":"Nov 08, 2021 12:55:43 AM com.google.cloud.datastore.emulator.firestore.websocket.WebSocketChannelHandler initChannel\nINFO: Connected to new websocket client\n"}}
[debug] [2021-11-08T08:55:43.786Z] Nov 08, 2021 12:55:43 AM io.gapi.emulators.netty.HttpVersionRoutingHandler channelRead
INFO: Detected non-HTTP/2 connection.
 {"metadata":{"emulator":{"name":"firestore"},"message":"Nov 08, 2021 12:55:43 AM io.gapi.emulators.netty.HttpVersionRoutingHandler channelRead\nINFO: Detected non-HTTP/2 connection.\n"}}
[debug] [2021-11-08T08:55:43.915Z] Nov 08, 2021 12:55:43 AM io.gapi.emulators.netty.HttpVersionRoutingHandler channelRead
INFO: Detected HTTP/2 connection.
 {"metadata":{"emulator":{"name":"firestore"},"message":"Nov 08, 2021 12:55:43 AM io.gapi.emulators.netty.HttpVersionRoutingHandler channelRead\nINFO: Detected HTTP/2 connection.\n"}}
[debug] [2021-11-08T08:55:44.465Z] Nov 08, 2021 12:55:44 AM com.google.cloud.datastore.emulator.firestore.websocket.WebSocketChannelHandler channelClosed
INFO: Websocket client disconnected
 {"metadata":{"emulator":{"name":"firestore"},"message":"Nov 08, 2021 12:55:44 AM com.google.cloud.datastore.emulator.firestore.websocket.WebSocketChannelHandler channelClosed\nINFO: Websocket client disconnected\n"}}
[debug] [2021-11-08T08:55:45.757Z] Nov 08, 2021 12:55:45 AM io.gapi.emulators.netty.HttpVersionRoutingHandler channelRead
INFO: Detected non-HTTP/2 connection.
 {"metadata":{"emulator":{"name":"firestore"},"message":"Nov 08, 2021 12:55:45 AM io.gapi.emulators.netty.HttpVersionRoutingHandler channelRead\nINFO: Detected non-HTTP/2 connection.\n"}}
[debug] [2021-11-08T08:55:49.212Z] Nov 08, 2021 12:55:49 AM io.gapi.emulators.netty.HttpVersionRoutingHandler channelRead
INFO: Detected non-HTTP/2 connection.
 {"metadata":{"emulator":{"name":"firestore"},"message":"Nov 08, 2021 12:55:49 AM io.gapi.emulators.netty.HttpVersionRoutingHandler channelRead\nINFO: Detected non-HTTP/2 connection.\n"}}
[debug] [2021-11-08T08:55:51.264Z] Nov 08, 2021 12:55:51 AM io.gapi.emulators.netty.HttpVersionRoutingHandler channelRead
INFO: Detected non-HTTP/2 connection.
 {"metadata":{"emulator":{"name":"firestore"},"message":"Nov 08, 2021 12:55:51 AM io.gapi.emulators.netty.HttpVersionRoutingHandler channelRead\nINFO: Detected non-HTTP/2 connection.\n"}}
[debug] [2021-11-08T08:55:51.268Z] Nov 08, 2021 12:55:51 AM io.gapi.emulators.netty.HttpVersionRoutingHandler channelRead
INFO: Detected non-HTTP/2 connection.
 {"metadata":{"emulator":{"name":"firestore"},"message":"Nov 08, 2021 12:55:51 AM io.gapi.emulators.netty.HttpVersionRoutingHandler channelRead\nINFO: Detected non-HTTP/2 connection.\n"}}
[debug] [2021-11-08T08:55:59.346Z] Nov 08, 2021 12:55:59 AM io.gapi.emulators.netty.HttpVersionRoutingHandler channelRead
INFO: Detected non-HTTP/2 connection.
 {"metadata":{"emulator":{"name":"firestore"},"message":"Nov 08, 2021 12:55:59 AM io.gapi.emulators.netty.HttpVersionRoutingHandler channelRead\nINFO: Detected non-HTTP/2 connection.\n"}}
